<?xml version="1.0" encoding="UTF-8"?>
<testng-results skipped="0" failed="0" ignored="0" total="1" passed="1">
  <reporter-output>
  </reporter-output>
  <suite name="Default suite" duration-ms="3579" started-at="2020-03-19T01:19:04Z" finished-at="2020-03-19T01:19:08Z">
    <groups>
    </groups>
    <test name="Default test" duration-ms="3579" started-at="2020-03-19T01:19:04Z" finished-at="2020-03-19T01:19:08Z">
      <class name="org.qa.api.PostAPI">
        <test-method status="PASS" signature="setup()[pri:0, instance:org.qa.api.PostAPI@51565ec2]" name="setup" is-config="true" duration-ms="12" started-at="2020-03-19T01:19:04Z" finished-at="2020-03-19T01:19:04Z">
          <reporter-output>
          </reporter-output>
        </test-method> <!-- setup -->
        <test-method status="PASS" signature="postApi()[pri:0, instance:org.qa.api.PostAPI@51565ec2]" name="postApi" duration-ms="3515" started-at="2020-03-19T01:19:04Z" finished-at="2020-03-19T01:19:08Z">
          <reporter-output>
          </reporter-output>
        </test-method> <!-- postApi -->
      </class> <!-- org.qa.api.PostAPI -->
    </test> <!-- Default test -->
  </suite> <!-- Default suite -->
</testng-results>
